<?xml version="1.0" encoding="UTF-8" ?>
<testsuite tests="20" failures="4" name="TestSuite" time="42.803" errors="0" skipped="6">
  <properties>
    <property name="java.runtime.name" value="Java(TM) SE Runtime Environment"/>
    <property name="java.vm.version" value="11.0.2+7-LTS"/>
    <property name="sun.boot.library.path" value="C:\Program Files\Java\jdk-11.0.2\bin"/>
    <property name="browser" value="firefox"/>
    <property name="maven.multiModuleProjectDirectory" value="C:\Users\abcle\IdeaProjects\MyFirstSelenium"/>
    <property name="java.vm.vendor" value="Oracle Corporation"/>
    <property name="java.vendor.url" value="http://java.oracle.com/"/>
    <property name="guice.disable.misplaced.annotation.check" value="true"/>
    <property name="path.separator" value=";"/>
    <property name="java.vm.name" value="Java HotSpot(TM) 64-Bit Server VM"/>
    <property name="sun.os.patch.level" value=""/>
    <property name="user.script" value=""/>
    <property name="user.country" value="US"/>
    <property name="sun.java.launcher" value="SUN_STANDARD"/>
    <property name="java.vm.specification.name" value="Java Virtual Machine Specification"/>
    <property name="user.dir" value="C:\Users\abcle\IdeaProjects\MyFirstSelenium"/>
    <property name="java.vm.compressedOopsMode" value="Zero based"/>
    <property name="java.runtime.version" value="11.0.2+7-LTS"/>
    <property name="java.awt.graphicsenv" value="sun.awt.Win32GraphicsEnvironment"/>
    <property name="os.arch" value="amd64"/>
    <property name="java.io.tmpdir" value="C:\Users\abcle\AppData\Local\Temp\"/>
    <property name="line.separator" value="
"/>
    <property name="java.vm.specification.vendor" value="Oracle Corporation"/>
    <property name="user.variant" value=""/>
    <property name="os.name" value="Windows 10"/>
    <property name="classworlds.conf" value="C:\Program Files\Java\apache-maven-3.6.2\bin\..\bin\m2.conf"/>
    <property name="sun.jnu.encoding" value="Cp1252"/>
    <property name="java.library.path" value="C:\Program Files\Java\jdk-11.0.2\bin;C:\WINDOWS\Sun\Java\bin;C:\WINDOWS\system32;C:\WINDOWS;C:\Program Files\Java\apache-maven-3.6.2\bin;C:\Program Files\Java\jdk-11.0.2\bin;C:\Program Files (x86)\Common Files\Oracle\Java\javapath;C:\ProgramData\Oracle\Java\javapath;C:\Windows\system32;C:\Windows;C:\Windows\System32\Wbem;C:\Windows\System32\WindowsPowerShell\v1.0\;C:\Program Files (x86)\NVIDIA Corporation\PhysX\Common;C:\WINDOWS\system32;C:\WINDOWS;C:\WINDOWS\System32\Wbem;C:\WINDOWS\System32\WindowsPowerShell\v1.0\;C:\WINDOWS\System32\OpenSSH\;C:\Program Files (x86)\Intel\Intel(R) Management Engine Components\DAL;C:\Program Files\Intel\Intel(R) Management Engine Components\DAL;C:\Program Files\Git\cmd;C:\Program Files\Intel\WiFi\bin\;C:\Program Files\Common Files\Intel\WirelessCommon\;C:\Users\abcle\AppData\Local\Microsoft\WindowsApps;C:\Program Files (x86)\SSH Communications Security\SSH Secure Shell;C:\Users\abcle\AppData\Local\GitHubDesktop\bin;C:\Users\abcle\AppData\Local\Microsoft\WindowsApps;;."/>
    <property name="maven.conf" value="C:\Program Files\Java\apache-maven-3.6.2\bin\../conf"/>
    <property name="jdk.debug" value="release"/>
    <property name="java.class.version" value="55.0"/>
    <property name="java.specification.name" value="Java Platform API Specification"/>
    <property name="sun.management.compiler" value="HotSpot 64-Bit Tiered Compilers"/>
    <property name="os.version" value="10.0"/>
    <property name="library.jansi.path" value="C:\Program Files\Java\apache-maven-3.6.2\bin\..\lib\jansi-native"/>
    <property name="user.home" value="C:\Users\abcle"/>
    <property name="user.timezone" value="America/Los_Angeles"/>
    <property name="java.awt.printerjob" value="sun.awt.windows.WPrinterJob"/>
    <property name="file.encoding" value="Cp1252"/>
    <property name="java.specification.version" value="11"/>
    <property name="user.name" value="abcle"/>
    <property name="java.class.path" value="C:\Program Files\Java\apache-maven-3.6.2\bin\..\boot\plexus-classworlds-2.6.0.jar"/>
    <property name="java.vm.specification.version" value="11"/>
    <property name="sun.arch.data.model" value="64"/>
    <property name="sun.java.command" value="org.codehaus.plexus.classworlds.launcher.Launcher test -Dbrowser=firefox"/>
    <property name="java.home" value="C:\Program Files\Java\jdk-11.0.2"/>
    <property name="user.language" value="en"/>
    <property name="java.specification.vendor" value="Oracle Corporation"/>
    <property name="awt.toolkit" value="sun.awt.windows.WToolkit"/>
    <property name="java.vm.info" value="mixed mode"/>
    <property name="java.version" value="11.0.2"/>
    <property name="java.vendor" value="Oracle Corporation"/>
    <property name="sun.stderr.encoding" value="cp437"/>
    <property name="maven.home" value="C:\Program Files\Java\apache-maven-3.6.2\bin\.."/>
    <property name="file.separator" value="\"/>
    <property name="java.version.date" value="2018-10-16"/>
    <property name="java.vendor.url.bug" value="http://bugreport.java.com/bugreport/"/>
    <property name="sun.io.unicode.encoding" value="UnicodeLittle"/>
    <property name="sun.cpu.endian" value="little"/>
    <property name="java.vendor.version" value="18.9"/>
    <property name="sun.stdout.encoding" value="cp437"/>
    <property name="sun.desktop" value="windows"/>
    <property name="sun.cpu.isalist" value="amd64"/>
  </properties>
  <testcase classname="com.platform.project.test.CheckoutPageTest" name="buyProducts1" time="9.691"/>
  <testcase classname="com.platform.project.test.CheckoutPageTest" name="buyProducts2" time="0">
    <failure type="java.lang.NullPointerException">java.lang.NullPointerException
	at com.platform.project.pageObjects.HomePage.openHomePage(HomePage.java:57)
	at com.platform.project.test.CheckoutPageTest.buyProducts2(CheckoutPageTest.java:57)
</failure>
    <system-out>[WebDriverManager] - Chrome browser detected.
[WebDriverManager] - Driver initialization failed.
[HomePage] - Opening Homepage
[ReadPropertyFile] - Value in property file forhomePageUrl is http://107.170.213.234/catalog/
</system-out>
    <system-err>Starting ChromeDriver 79.0.3945.36 (3582db32b33893869b8c1339e8f4d9ed1816f143-refs/branch-heads/3945@{#614}) on port 33861
Only local connections are allowed.
Please protect ports used by ChromeDriver and related test frameworks to prevent access by malicious code.
[1578176154.149][WARNING]: Timed out connecting to Chrome, retrying...
[1578176158.151][WARNING]: Timed out connecting to Chrome, retrying...
org.openqa.selenium.SessionNotCreatedException: session not created
from chrome not reachable
  (Session info: chrome=79.0.3945.88)
Build info: version: &apos;3.8.1&apos;, revision: &apos;6e95a6684b&apos;, time: &apos;2017-12-01T18:33:54.468Z&apos;
System info: host: &apos;ALEXCOMPUTER&apos;, ip: &apos;10.1.10.20&apos;, os.name: &apos;Windows 10&apos;, os.arch: &apos;amd64&apos;, os.version: &apos;10.0&apos;, java.version: &apos;11.0.2&apos;
Driver info: driver.version: ChromeDriver
remote stacktrace: Backtrace:
	Ordinal0 [0x0032A113+1548563]
	Ordinal0 [0x002ADDA1+1039777]
	Ordinal0 [0x0022E32E+516910]
	Ordinal0 [0x00228012+491538]
	Ordinal0 [0x002286EB+493291]
	Ordinal0 [0x00229855+497749]
	Ordinal0 [0x00225885+481413]
	Ordinal0 [0x0022F0D0+520400]
	Ordinal0 [0x001DC030+180272]
	Ordinal0 [0x001DB59D+177565]
	Ordinal0 [0x001D95FB+169467]
	Ordinal0 [0x001C160A+71178]
	Ordinal0 [0x001C2690+75408]
	Ordinal0 [0x001C2629+75305]
	Ordinal0 [0x002C71B7+1143223]
	GetHandleVerifier [0x003C2B46+507814]
	GetHandleVerifier [0x003C2864+507076]
	GetHandleVerifier [0x003C9F47+537511]
	GetHandleVerifier [0x003C3402+510050]
	Ordinal0 [0x002BF29C+1110684]
	Ordinal0 [0x002C938B+1151883]
	Ordinal0 [0x002C94F3+1152243]
	Ordinal0 [0x002C83F5+1147893]
	BaseThreadInitThunk [0x751A6359+25]
	RtlGetAppContainerNamedObjectPath [0x77687B74+228]
	RtlGetAppContainerNamedObjectPath [0x77687B44+180]

	at java.base/jdk.internal.reflect.NativeConstructorAccessorImpl.newInstance0(Native Method)
	at java.base/jdk.internal.reflect.NativeConstructorAccessorImpl.newInstance(NativeConstructorAccessorImpl.java:62)
	at java.base/jdk.internal.reflect.DelegatingConstructorAccessorImpl.newInstance(DelegatingConstructorAccessorImpl.java:45)
	at java.base/java.lang.reflect.Constructor.newInstance(Constructor.java:490)
	at org.openqa.selenium.remote.W3CHandshakeResponse.lambda$new$0(W3CHandshakeResponse.java:57)
	at org.openqa.selenium.remote.W3CHandshakeResponse.lambda$getResponseFunction$2(W3CHandshakeResponse.java:104)
	at org.openqa.selenium.remote.ProtocolHandshake.lambda$createSession$0(ProtocolHandshake.java:123)
	at java.base/java.util.stream.ReferencePipeline$3$1.accept(ReferencePipeline.java:195)
	at java.base/java.util.Spliterators$ArraySpliterator.tryAdvance(Spliterators.java:958)
	at java.base/java.util.stream.ReferencePipeline.forEachWithCancel(ReferencePipeline.java:127)
	at java.base/java.util.stream.AbstractPipeline.copyIntoWithCancel(AbstractPipeline.java:502)
	at java.base/java.util.stream.AbstractPipeline.copyInto(AbstractPipeline.java:488)
	at java.base/java.util.stream.AbstractPipeline.wrapAndCopyInto(AbstractPipeline.java:474)
	at java.base/java.util.stream.FindOps$FindOp.evaluateSequential(FindOps.java:150)
	at java.base/java.util.stream.AbstractPipeline.evaluate(AbstractPipeline.java:234)
	at java.base/java.util.stream.ReferencePipeline.findFirst(ReferencePipeline.java:543)
	at org.openqa.selenium.remote.ProtocolHandshake.createSession(ProtocolHandshake.java:126)
	at org.openqa.selenium.remote.ProtocolHandshake.createSession(ProtocolHandshake.java:73)
	at org.openqa.selenium.remote.HttpCommandExecutor.execute(HttpCommandExecutor.java:142)
	at org.openqa.selenium.remote.service.DriverCommandExecutor.execute(DriverCommandExecutor.java:83)
	at org.openqa.selenium.remote.RemoteWebDriver.execute(RemoteWebDriver.java:601)
	at org.openqa.selenium.remote.RemoteWebDriver.startSession(RemoteWebDriver.java:219)
	at org.openqa.selenium.remote.RemoteWebDriver.&lt;init&gt;(RemoteWebDriver.java:142)
	at org.openqa.selenium.chrome.ChromeDriver.&lt;init&gt;(ChromeDriver.java:181)
	at org.openqa.selenium.chrome.ChromeDriver.&lt;init&gt;(ChromeDriver.java:168)
	at org.openqa.selenium.chrome.ChromeDriver.&lt;init&gt;(ChromeDriver.java:123)
	at com.platform.project.commons.WebDriverManager.createDriver(WebDriverManager.java:31)
	at com.platform.project.commons.WebDriverManager.getDriver(WebDriverManager.java:87)
	at com.platform.project.test.CheckoutPageTest.setUp(CheckoutPageTest.java:29)
	at java.base/jdk.internal.reflect.NativeMethodAccessorImpl.invoke0(Native Method)
	at java.base/jdk.internal.reflect.NativeMethodAccessorImpl.invoke(NativeMethodAccessorImpl.java:62)
	at java.base/jdk.internal.reflect.DelegatingMethodAccessorImpl.invoke(DelegatingMethodAccessorImpl.java:43)
	at java.base/java.lang.reflect.Method.invoke(Method.java:566)
	at org.testng.internal.MethodInvocationHelper.invokeMethod(MethodInvocationHelper.java:84)
	at org.testng.internal.Invoker.invokeConfigurationMethod(Invoker.java:564)
	at org.testng.internal.Invoker.invokeConfigurations(Invoker.java:213)
	at org.testng.internal.Invoker.invokeMethod(Invoker.java:653)
	at org.testng.internal.Invoker.invokeTestMethod(Invoker.java:901)
	at org.testng.internal.Invoker.invokeTestMethods(Invoker.java:1231)
	at org.testng.internal.TestMethodWorker.invokeTestMethods(TestMethodWorker.java:127)
	at org.testng.internal.TestMethodWorker.run(TestMethodWorker.java:111)
	at org.testng.TestRunner.privateRun(TestRunner.java:767)
	at org.testng.TestRunner.run(TestRunner.java:617)
	at org.testng.SuiteRunner.runTest(SuiteRunner.java:334)
	at org.testng.SuiteRunner.runSequentially(SuiteRunner.java:329)
	at org.testng.SuiteRunner.privateRun(SuiteRunner.java:291)
	at org.testng.SuiteRunner.run(SuiteRunner.java:240)
	at org.testng.SuiteRunnerWorker.runSuite(SuiteRunnerWorker.java:52)
	at org.testng.SuiteRunnerWorker.run(SuiteRunnerWorker.java:86)
	at org.testng.TestNG.runSuitesSequentially(TestNG.java:1224)
	at org.testng.TestNG.runSuitesLocally(TestNG.java:1149)
	at org.testng.TestNG.run(TestNG.java:1057)
	at org.apache.maven.surefire.testng.TestNGExecutor.run(TestNGExecutor.java:77)
	at org.apache.maven.surefire.testng.TestNGDirectoryTestSuite.executeMulti(TestNGDirectoryTestSuite.java:159)
	at org.apache.maven.surefire.testng.TestNGDirectoryTestSuite.execute(TestNGDirectoryTestSuite.java:99)
	at org.apache.maven.surefire.testng.TestNGProvider.invoke(TestNGProvider.java:106)
	at java.base/jdk.internal.reflect.NativeMethodAccessorImpl.invoke0(Native Method)
	at java.base/jdk.internal.reflect.NativeMethodAccessorImpl.invoke(NativeMethodAccessorImpl.java:62)
	at java.base/jdk.internal.reflect.DelegatingMethodAccessorImpl.invoke(DelegatingMethodAccessorImpl.java:43)
	at java.base/java.lang.reflect.Method.invoke(Method.java:566)
	at org.apache.maven.surefire.util.ReflectionUtils.invokeMethodWithArray(ReflectionUtils.java:189)
	at org.apache.maven.surefire.booter.ProviderFactory$ProviderProxy.invoke(ProviderFactory.java:165)
	at org.apache.maven.surefire.booter.ProviderFactory.invokeProvider(ProviderFactory.java:85)
	at org.apache.maven.surefire.booter.ForkedBooter.runSuitesInProcess(ForkedBooter.java:115)
	at org.apache.maven.surefire.booter.ForkedBooter.main(ForkedBooter.java:75)
</system-err>
  </testcase>
  <testcase classname="com.platform.project.test.CheckoutPageTest" name="cleanUp" time="0">
    <failure type="java.lang.NullPointerException">java.lang.NullPointerException
	at com.platform.project.test.CheckoutPageTest.cleanUp(CheckoutPageTest.java:68)
</failure>
  </testcase>
  <testcase classname="com.platform.project.test.CreateAccountSuccessTest" name="createAnAccountTest" time="2.535"/>
  <testcase classname="com.platform.project.test.ForgottenPasswordPageTest" name="forgotPasswordTest" time="1.687"/>
  <testcase classname="com.platform.project.test.HomePageTest" name="dropDownMenu" time="1.062"/>
  <testcase classname="com.platform.project.test.HomePageTest" name="openAllLinks" time="4.737">
    <failure message="Browsing context has been discarded
Build info: version: &apos;3.8.1&apos;, revision: &apos;6e95a6684b&apos;, time: &apos;2017-12-01T18:33:54.468Z&apos;
System info: host: &apos;ALEXCOMPUTER&apos;, ip: &apos;10.1.10.20&apos;, os.name: &apos;Windows 10&apos;, os.arch: &apos;amd64&apos;, os.version: &apos;10.0&apos;, java.version: &apos;11.0.2&apos;
Driver info: org.openqa.selenium.firefox.FirefoxDriver
Capabilities {acceptInsecureCerts: true, browserName: firefox, browserVersion: 71.0, javascriptEnabled: true, moz:accessibilityChecks: false, moz:buildID: 20191202093317, moz:geckodriverVersion: 0.26.0, moz:headless: false, moz:processID: 16564, moz:profile: C:\Users\abcle\AppData\Loca..., moz:shutdownTimeout: 60000, moz:useNonSpecCompliantPointerOrigin: false, moz:webdriverClick: true, pageLoadStrategy: normal, platform: WINDOWS, platformName: WINDOWS, platformVersion: 10.0, rotatable: false, setWindowRect: true, strictFileInteractability: false, timeouts: {implicit: 0, pageLoad: 300000, script: 30000}, unhandledPromptBehavior: dismiss and notify}
Session ID: f6aba257-64a3-4009-b5b9-af2bc6a1a3ea" type="org.openqa.selenium.NoSuchWindowException">org.openqa.selenium.NoSuchWindowException: Browsing context has been discarded
Build info: version: &apos;3.8.1&apos;, revision: &apos;6e95a6684b&apos;, time: &apos;2017-12-01T18:33:54.468Z&apos;
System info: host: &apos;ALEXCOMPUTER&apos;, ip: &apos;10.1.10.20&apos;, os.name: &apos;Windows 10&apos;, os.arch: &apos;amd64&apos;, os.version: &apos;10.0&apos;, java.version: &apos;11.0.2&apos;
Driver info: org.openqa.selenium.firefox.FirefoxDriver
Capabilities {acceptInsecureCerts: true, browserName: firefox, browserVersion: 71.0, javascriptEnabled: true, moz:accessibilityChecks: false, moz:buildID: 20191202093317, moz:geckodriverVersion: 0.26.0, moz:headless: false, moz:processID: 16564, moz:profile: C:\Users\abcle\AppData\Loca..., moz:shutdownTimeout: 60000, moz:useNonSpecCompliantPointerOrigin: false, moz:webdriverClick: true, pageLoadStrategy: normal, platform: WINDOWS, platformName: WINDOWS, platformVersion: 10.0, rotatable: false, setWindowRect: true, strictFileInteractability: false, timeouts: {implicit: 0, pageLoad: 300000, script: 30000}, unhandledPromptBehavior: dismiss and notify}
Session ID: f6aba257-64a3-4009-b5b9-af2bc6a1a3ea
	at java.base/jdk.internal.reflect.NativeConstructorAccessorImpl.newInstance0(Native Method)
	at java.base/jdk.internal.reflect.NativeConstructorAccessorImpl.newInstance(NativeConstructorAccessorImpl.java:62)
	at java.base/jdk.internal.reflect.DelegatingConstructorAccessorImpl.newInstance(DelegatingConstructorAccessorImpl.java:45)
	at java.base/java.lang.reflect.Constructor.newInstance(Constructor.java:490)
	at org.openqa.selenium.remote.http.W3CHttpResponseCodec.createException(W3CHttpResponseCodec.java:187)
	at org.openqa.selenium.remote.http.W3CHttpResponseCodec.decode(W3CHttpResponseCodec.java:122)
	at org.openqa.selenium.remote.http.W3CHttpResponseCodec.decode(W3CHttpResponseCodec.java:49)
	at org.openqa.selenium.remote.HttpCommandExecutor.execute(HttpCommandExecutor.java:164)
	at org.openqa.selenium.remote.service.DriverCommandExecutor.execute(DriverCommandExecutor.java:83)
	at org.openqa.selenium.remote.RemoteWebDriver.execute(RemoteWebDriver.java:601)
	at org.openqa.selenium.remote.RemoteWebElement.execute(RemoteWebElement.java:279)
	at org.openqa.selenium.remote.RemoteWebElement.getAttribute(RemoteWebElement.java:128)
	at com.platform.project.pageObjects.HomePage.checkAllLinks(HomePage.java:93)
	at com.platform.project.test.HomePageTest.openAllLinks(HomePageTest.java:52)
</failure>
    <system-out>[ReadPropertyFile] - Value in property file forbrowser is chrome
[Commons] - Environment value for browser is equal to firefox
[WebDriverManager] - Firefox browser detected.
[WebDriverManager] - Driver initialization successful.
[HomePage] - Opening Homepage
[ReadPropertyFile] - Value in property file forhomePageUrl is http://107.170.213.234/catalog/
[ReadPropertyFile] - Value in property file forhomePageUrl is http://107.170.213.234/catalog/
[HomePage] - All the web links are: 
http://107.170.213.234/catalog/index.php?osCsid=fdra7i2cleq3k04l8to831rjh5
http://107.170.213.234/catalog/index.php?osCsid=fdra7i2cleq3k04l8to831rjh5 is a valid link.
http://107.170.213.234/catalog/shopping_cart.php?osCsid=fdra7i2cleq3k04l8to831rjh5
http://107.170.213.234/catalog/shopping_cart.php?osCsid=fdra7i2cleq3k04l8to831rjh5 is a valid link.
http://107.170.213.234/catalog/checkout_shipping.php?osCsid=fdra7i2cleq3k04l8to831rjh5
http://107.170.213.234/catalog/checkout_shipping.php?osCsid=fdra7i2cleq3k04l8to831rjh5 is a valid link.
http://107.170.213.234/catalog/account.php?osCsid=fdra7i2cleq3k04l8to831rjh5
http://107.170.213.234/catalog/account.php?osCsid=fdra7i2cleq3k04l8to831rjh5 is a valid link.
http://107.170.213.234/
URL belongs to another domain, skipping it.
http://107.170.213.234/catalog/index.php?osCsid=fdra7i2cleq3k04l8to831rjh5
http://107.170.213.234/catalog/index.php?osCsid=fdra7i2cleq3k04l8to831rjh5 is a valid link.
http://107.170.213.234/catalog/login.php?osCsid=fdra7i2cleq3k04l8to831rjh5
http://107.170.213.234/catalog/login.php?osCsid=fdra7i2cleq3k04l8to831rjh5 is a valid link.
http://107.170.213.234/catalog/create_account.php?osCsid=fdra7i2cleq3k04l8to831rjh5
http://107.170.213.234/catalog/create_account.php?osCsid=fdra7i2cleq3k04l8to831rjh5 is a valid link.
http://107.170.213.234/catalog/product_info.php?products_id=28&amp;osCsid=fdra7i2cleq3k04l8to831rjh5
http://107.170.213.234/catalog/product_info.php?products_id=28&amp;osCsid=fdra7i2cleq3k04l8to831rjh5 is a valid link.
http://107.170.213.234/catalog/product_info.php?products_id=28&amp;osCsid=fdra7i2cleq3k04l8to831rjh5
http://107.170.213.234/catalog/product_info.php?products_id=28&amp;osCsid=fdra7i2cleq3k04l8to831rjh5 is a valid link.
http://107.170.213.234/catalog/product_info.php?products_id=27&amp;osCsid=fdra7i2cleq3k04l8to831rjh5
http://107.170.213.234/catalog/product_info.php?products_id=27&amp;osCsid=fdra7i2cleq3k04l8to831rjh5 is a valid link.
http://107.170.213.234/catalog/product_info.php?products_id=27&amp;osCsid=fdra7i2cleq3k04l8to831rjh5
http://107.170.213.234/catalog/product_info.php?products_id=27&amp;osCsid=fdra7i2cleq3k04l8to831rjh5 is a valid link.
http://107.170.213.234/catalog/product_info.php?products_id=26&amp;osCsid=fdra7i2cleq3k04l8to831rjh5
http://107.170.213.234/catalog/product_info.php?products_id=26&amp;osCsid=fdra7i2cleq3k04l8to831rjh5 is a valid link.
http://107.170.213.234/catalog/product_info.php?products_id=26&amp;osCsid=fdra7i2cleq3k04l8to831rjh5
http://107.170.213.234/catalog/product_info.php?products_id=26&amp;osCsid=fdra7i2cleq3k04l8to831rjh5 is a valid link.
http://107.170.213.234/catalog/product_info.php?products_id=25&amp;osCsid=fdra7i2cleq3k04l8to831rjh5
http://107.170.213.234/catalog/product_info.php?products_id=25&amp;osCsid=fdra7i2cleq3k04l8to831rjh5 is a valid link.
http://107.170.213.234/catalog/product_info.php?products_id=25&amp;osCsid=fdra7i2cleq3k04l8to831rjh5
http://107.170.213.234/catalog/product_info.php?products_id=25&amp;osCsid=fdra7i2cleq3k04l8to831rjh5 is a valid link.
http://107.170.213.234/catalog/product_info.php?products_id=24&amp;osCsid=fdra7i2cleq3k04l8to831rjh5
http://107.170.213.234/catalog/product_info.php?products_id=24&amp;osCsid=fdra7i2cleq3k04l8to831rjh5 is a valid link.
http://107.170.213.234/catalog/product_info.php?products_id=24&amp;osCsid=fdra7i2cleq3k04l8to831rjh5
http://107.170.213.234/catalog/product_info.php?products_id=24&amp;osCsid=fdra7i2cleq3k04l8to831rjh5 is a valid link.
http://107.170.213.234/catalog/product_info.php?products_id=23&amp;osCsid=fdra7i2cleq3k04l8to831rjh5
http://107.170.213.234/catalog/product_info.php?products_id=23&amp;osCsid=fdra7i2cleq3k04l8to831rjh5 is a valid link.
http://107.170.213.234/catalog/product_info.php?products_id=23&amp;osCsid=fdra7i2cleq3k04l8to831rjh5
http://107.170.213.234/catalog/product_info.php?products_id=23&amp;osCsid=fdra7i2cleq3k04l8to831rjh5 is a valid link.
http://107.170.213.234/catalog/product_info.php?products_id=22&amp;osCsid=fdra7i2cleq3k04l8to831rjh5
http://107.170.213.234/catalog/product_info.php?products_id=22&amp;osCsid=fdra7i2cleq3k04l8to831rjh5 is a valid link.
http://107.170.213.234/catalog/product_info.php?products_id=22&amp;osCsid=fdra7i2cleq3k04l8to831rjh5
http://107.170.213.234/catalog/product_info.php?products_id=22&amp;osCsid=fdra7i2cleq3k04l8to831rjh5 is a valid link.
http://107.170.213.234/catalog/product_info.php?products_id=21&amp;osCsid=fdra7i2cleq3k04l8to831rjh5
http://107.170.213.234/catalog/product_info.php?products_id=21&amp;osCsid=fdra7i2cleq3k04l8to831rjh5 is a valid link.
http://107.170.213.234/catalog/product_info.php?products_id=21&amp;osCsid=fdra7i2cleq3k04l8to831rjh5
http://107.170.213.234/catalog/product_info.php?products_id=21&amp;osCsid=fdra7i2cleq3k04l8to831rjh5 is a valid link.
http://107.170.213.234/catalog/product_info.php?products_id=20&amp;osCsid=fdra7i2cleq3k04l8to831rjh5
http://107.170.213.234/catalog/product_info.php?products_id=20&amp;osCsid=fdra7i2cleq3k04l8to831rjh5 is a valid link.
http://107.170.213.234/catalog/product_info.php?products_id=20&amp;osCsid=fdra7i2cleq3k04l8to831rjh5
http://107.170.213.234/catalog/product_info.php?products_id=20&amp;osCsid=fdra7i2cleq3k04l8to831rjh5 is a valid link.
http://107.170.213.234/catalog/index.php?cPath=1&amp;osCsid=fdra7i2cleq3k04l8to831rjh5
http://107.170.213.234/catalog/index.php?cPath=1&amp;osCsid=fdra7i2cleq3k04l8to831rjh5 is a valid link.
http://107.170.213.234/catalog/index.php?cPath=2&amp;osCsid=fdra7i2cleq3k04l8to831rjh5
http://107.170.213.234/catalog/index.php?cPath=2&amp;osCsid=fdra7i2cleq3k04l8to831rjh5 is a valid link.
http://107.170.213.234/catalog/index.php?cPath=3&amp;osCsid=fdra7i2cleq3k04l8to831rjh5
http://107.170.213.234/catalog/index.php?cPath=3&amp;osCsid=fdra7i2cleq3k04l8to831rjh5 is a valid link.
http://107.170.213.234/catalog/index.php?cPath=21&amp;osCsid=fdra7i2cleq3k04l8to831rjh5
http://107.170.213.234/catalog/index.php?cPath=21&amp;osCsid=fdra7i2cleq3k04l8to831rjh5 is a valid link.
http://107.170.213.234/catalog/advanced_search.php?osCsid=fdra7i2cleq3k04l8to831rjh5
http://107.170.213.234/catalog/advanced_search.php?osCsid=fdra7i2cleq3k04l8to831rjh5 is a valid link.
http://107.170.213.234/catalog/products_new.php?osCsid=fdra7i2cleq3k04l8to831rjh5
http://107.170.213.234/catalog/products_new.php?osCsid=fdra7i2cleq3k04l8to831rjh5 is a valid link.
http://107.170.213.234/catalog/product_info.php?products_id=27&amp;osCsid=fdra7i2cleq3k04l8to831rjh5
http://107.170.213.234/catalog/product_info.php?products_id=27&amp;osCsid=fdra7i2cleq3k04l8to831rjh5 is a valid link.
http://107.170.213.234/catalog/product_info.php?products_id=27&amp;osCsid=fdra7i2cleq3k04l8to831rjh5
http://107.170.213.234/catalog/product_info.php?products_id=27&amp;osCsid=fdra7i2cleq3k04l8to831rjh5 is a valid link.
http://107.170.213.234/catalog/shipping.php?osCsid=fdra7i2cleq3k04l8to831rjh5
http://107.170.213.234/catalog/shipping.php?osCsid=fdra7i2cleq3k04l8to831rjh5 is a valid link.
http://107.170.213.234/catalog/privacy.php?osCsid=fdra7i2cleq3k04l8to831rjh5
http://107.170.213.234/catalog/privacy.php?osCsid=fdra7i2cleq3k04l8to831rjh5 is a valid link.
http://107.170.213.234/catalog/conditions.php?osCsid=fdra7i2cleq3k04l8to831rjh5
http://107.170.213.234/catalog/conditions.php?osCsid=fdra7i2cleq3k04l8to831rjh5 is a valid link.
http://107.170.213.234/catalog/contact_us.php?osCsid=fdra7i2cleq3k04l8to831rjh5
http://107.170.213.234/catalog/contact_us.php?osCsid=fdra7i2cleq3k04l8to831rjh5 is a valid link.
http://107.170.213.234/catalog/shopping_cart.php?osCsid=fdra7i2cleq3k04l8to831rjh5
http://107.170.213.234/catalog/shopping_cart.php?osCsid=fdra7i2cleq3k04l8to831rjh5 is a valid link.
http://107.170.213.234/catalog/product_info.php?products_id=28&amp;osCsid=fdra7i2cleq3k04l8to831rjh5
http://107.170.213.234/catalog/product_info.php?products_id=28&amp;osCsid=fdra7i2cleq3k04l8to831rjh5 is a valid link.
</system-out>
    <system-err>1578176185935	Marionette	INFO	Stopped listening on port 58763
[Parent 22584, Gecko_IOThread] WARNING: pipe error: 109: file z:/task_1575282935/build/src/ipc/chromium/src/chrome/common/ipc_channel_win.cc, line 341
[Child 4952, Chrome_ChildThread] WARNING: pipe error: 109: file z:/task_1575282935/build/src/ipc/chromium/src/chrome/common/ipc_channel_win.cc, line 341
[Child 4952, Chrome_ChildThread] WARNING: pipe err[Child 4824, Chrome_ChildThread] WARNING: pipe error: 109: file z:/task_1575282935/build/src/ipc/chromium/src/chrome/common/ipc_channel_win.cc, line 341
[Parent 22584, Gecko_IOThread] WARNING: pipe error: 109: file z:/task_1575282935/build/src/ipc/chromium/src/chrome/common/ipc_channel_win.cc, line 341
[GPU 15476,
###!!! [Child][RunMessage] Error: Channel closing: too late to send/recv, messages will be lost


###!!! [Child][MessageChannel::SendAndWait] Error: Channel error: cannot send/recv

1578176187480	mozrunner::runner	INFO	Running command: &quot;C:\\Program Files\\Mozilla Firefox\\firefox.exe&quot; &quot;-marionette&quot; &quot;-foreground&quot; &quot;-no-remote&quot; &quot;-profile&quot; &quot;C:\\Users\\abcle\\AppData\\Local\\Temp\\rust_mozprofileOm4eJx&quot;
1578176187942	addons.webextension.screenshots@mozilla.org	WARN	Loading extension &apos;screenshots@mozilla.org&apos;: Reading manifest: Invalid extension permission: mozillaAddons
1578176187942	addons.webextension.screenshots@mozilla.org	WARN	Loading extension &apos;screenshots@mozilla.org&apos;: Reading manifest: Invalid extension permission: telemetry
1578176187942	addons.webextension.screenshots@mozilla.org	WARN	Loading extension &apos;screenshots@mozilla.org&apos;: Reading manifest: Invalid extension permission: resource://pdf.js/
1578176187942	addons.webextension.screenshots@mozilla.org	WARN	Loading extension &apos;screenshots@mozilla.org&apos;: Reading manifest: Invalid extension permission: about:reader*
JavaScript error: resource://gre/modules/XULStore.jsm, line 66: Error: Can&apos;t find profile directory.
1578176189432	Marionette	INFO	Listening on port 58798
1578176189546	Marionette	WARN	TLS certificate errors will be ignored for this session
Jan 04, 2020 2:16:29 PM org.openqa.selenium.remote.ProtocolHandshake createSession
INFO: Detected dialect: W3C
[Parent 16564, Gecko_IOThread] WARNING: pipe error: 109: file z:/task_1575282935/build/src/ipc/chromium/src/chrome/common/ipc_channel_win.cc, line 341
[Parent 16564, Gecko_IOThread] WARNING: pipe error: 109: file z:/task_1575282935/build/src/ipc/chromium/src/chrome/common/ipc_channel_win.cc, line 341
</system-err>
  </testcase>
  <testcase classname="com.platform.project.test.HomePageTest" name="cleanUp" time="5.672">
    <failure message="Failed to decode response from marionette
Build info: version: &apos;3.8.1&apos;, revision: &apos;6e95a6684b&apos;, time: &apos;2017-12-01T18:33:54.468Z&apos;
System info: host: &apos;ALEXCOMPUTER&apos;, ip: &apos;10.1.10.20&apos;, os.name: &apos;Windows 10&apos;, os.arch: &apos;amd64&apos;, os.version: &apos;10.0&apos;, java.version: &apos;11.0.2&apos;
Driver info: org.openqa.selenium.firefox.FirefoxDriver
Capabilities {acceptInsecureCerts: true, browserName: firefox, browserVersion: 71.0, javascriptEnabled: true, moz:accessibilityChecks: false, moz:buildID: 20191202093317, moz:geckodriverVersion: 0.26.0, moz:headless: false, moz:processID: 16564, moz:profile: C:\Users\abcle\AppData\Loca..., moz:shutdownTimeout: 60000, moz:useNonSpecCompliantPointerOrigin: false, moz:webdriverClick: true, pageLoadStrategy: normal, platform: WINDOWS, platformName: WINDOWS, platformVersion: 10.0, rotatable: false, setWindowRect: true, strictFileInteractability: false, timeouts: {implicit: 0, pageLoad: 300000, script: 30000}, unhandledPromptBehavior: dismiss and notify}
Session ID: f6aba257-64a3-4009-b5b9-af2bc6a1a3ea" type="org.openqa.selenium.WebDriverException">org.openqa.selenium.WebDriverException: Failed to decode response from marionette
Build info: version: &apos;3.8.1&apos;, revision: &apos;6e95a6684b&apos;, time: &apos;2017-12-01T18:33:54.468Z&apos;
System info: host: &apos;ALEXCOMPUTER&apos;, ip: &apos;10.1.10.20&apos;, os.name: &apos;Windows 10&apos;, os.arch: &apos;amd64&apos;, os.version: &apos;10.0&apos;, java.version: &apos;11.0.2&apos;
Driver info: org.openqa.selenium.firefox.FirefoxDriver
Capabilities {acceptInsecureCerts: true, browserName: firefox, browserVersion: 71.0, javascriptEnabled: true, moz:accessibilityChecks: false, moz:buildID: 20191202093317, moz:geckodriverVersion: 0.26.0, moz:headless: false, moz:processID: 16564, moz:profile: C:\Users\abcle\AppData\Loca..., moz:shutdownTimeout: 60000, moz:useNonSpecCompliantPointerOrigin: false, moz:webdriverClick: true, pageLoadStrategy: normal, platform: WINDOWS, platformName: WINDOWS, platformVersion: 10.0, rotatable: false, setWindowRect: true, strictFileInteractability: false, timeouts: {implicit: 0, pageLoad: 300000, script: 30000}, unhandledPromptBehavior: dismiss and notify}
Session ID: f6aba257-64a3-4009-b5b9-af2bc6a1a3ea
	at java.base/jdk.internal.reflect.NativeConstructorAccessorImpl.newInstance0(Native Method)
	at java.base/jdk.internal.reflect.NativeConstructorAccessorImpl.newInstance(NativeConstructorAccessorImpl.java:62)
	at java.base/jdk.internal.reflect.DelegatingConstructorAccessorImpl.newInstance(DelegatingConstructorAccessorImpl.java:45)
	at java.base/java.lang.reflect.Constructor.newInstance(Constructor.java:490)
	at org.openqa.selenium.remote.http.W3CHttpResponseCodec.createException(W3CHttpResponseCodec.java:187)
	at org.openqa.selenium.remote.http.W3CHttpResponseCodec.decode(W3CHttpResponseCodec.java:122)
	at org.openqa.selenium.remote.http.W3CHttpResponseCodec.decode(W3CHttpResponseCodec.java:49)
	at org.openqa.selenium.remote.HttpCommandExecutor.execute(HttpCommandExecutor.java:164)
	at org.openqa.selenium.remote.service.DriverCommandExecutor.execute(DriverCommandExecutor.java:83)
	at org.openqa.selenium.remote.RemoteWebDriver.execute(RemoteWebDriver.java:601)
	at org.openqa.selenium.remote.RemoteWebDriver.execute(RemoteWebDriver.java:658)
	at org.openqa.selenium.remote.RemoteWebDriver.quit(RemoteWebDriver.java:497)
	at com.platform.project.test.HomePageTest.cleanUp(HomePageTest.java:70)
</failure>
    <system-err>[Child 20916, Chrome_ChildThread] WARNING: pipe error: 109: file z:/task_1575282935/build/src/ipc/chromium/src/chrome/common/ipc_channel_win.cc, line 341
[Child 18696, Chrome_ChildThread] WARNING: pipe error: 109: file z:/task_1575282935/build/src/ipc/chromium/src/chrome/common/ipc_channel_win.cc, line 341
[Parent 16564, Gecko_IOThread] WARNING: pipe error: 109: file z:/task_1575282935/build/src/ipc/chromium/src/chrome/common/ipc_channel_win.cc, line 341
[Child 3908, Chrome_ChildThread] WARNING: pipe error: 109: file z:/task_1575282935/build/src/ipc/chromium/src/chrome/common/ipc_channel_win.cc, line 341
[Child 3908, 1578176194611	Marionette	INFO	Stopped listening on port 58798

###!!! [Child][RunMessage] Error: Channel closing: too late to send/recv, messages will be lost

[GPU 20680, Chrome
###!!! [Child][MessageChannel::SendAndWait] Error: Channel error: cannot send/recv

</system-err>
  </testcase>
  <testcase classname="com.platform.project.test.HomePageTest" name="setUp" time="5.673">
    <skipped/>
  </testcase>
  <testcase classname="com.platform.project.test.HomePageTest" name="openHomePage" time="0">
    <skipped/>
  </testcase>
  <testcase classname="com.platform.project.test.HomePageTest" name="cleanUp" time="0">
    <skipped/>
  </testcase>
  <testcase classname="com.platform.project.test.HomePageTest" name="setUp" time="0">
    <skipped/>
  </testcase>
  <testcase classname="com.platform.project.test.HomePageTest" name="openHomePage2" time="0">
    <skipped/>
  </testcase>
  <testcase classname="com.platform.project.test.HomePageTest" name="cleanUp" time="0">
    <skipped/>
  </testcase>
  <testcase classname="com.platform.project.test.LogInPageTest" name="openLoginPage" time="0.844"/>
  <testcase classname="com.platform.project.test.LogOffPageTest" name="LogOffPageTest" time="1.589"/>
  <testcase classname="com.platform.project.test.LogOffPageTest" name="enterCredFromConfigTest" time="1.607"/>
  <testcase classname="com.platform.project.test.LogOffPageTest" name="enterCredFromExcel" time="1.709"/>
  <testcase classname="com.platform.project.test.LogOffPageTest" name="twoUsersLogOnAtSameTime" time="4.862"/>
  <testcase classname="com.platform.project.test.WelcomePageTest" name="noEmailPasswordMatch" time="1.135"/>
</testsuite>