<?xml version="1.0" encoding="UTF-8"?>
<!-- Generated by org.testng.reporters.JUnitReportReporter -->
<testsuite hostname="alexcomputer" failures="0" tests="4" name="com.platform.project.test.WelcomePageTest" time="30.341" errors="0" timestamp="27 Dec 2019 03:39:41 GMT">
  <testcase classname="com.platform.project.test.WelcomePageTest" name="welcomePageTest" time="7.420"/>
  <testcase classname="com.platform.project.test.WelcomePageTest" name="twoUsersLogOnatSameTime" time="7.856"/>
  <testcase classname="com.platform.project.test.WelcomePageTest" name="noEmailPasswordMatch" time="7.006"/>
  <testcase classname="com.platform.project.test.WelcomePageTest" name="enterCredFromConfigTest" time="8.059"/>
</testsuite> <!-- com.platform.project.test.WelcomePageTest -->
