<?xml version="1.0" encoding="UTF-8"?>
<!-- Generated by org.testng.reporters.JUnitReportReporter -->
<testsuite hostname="alexcomputer" failures="0" tests="1" name="com.platform.project.test.LogInPageTest" time="7.022" errors="0" timestamp="27 Dec 2019 03:39:41 GMT">
  <testcase classname="com.platform.project.test.LogInPageTest" name="openLoginPage" time="7.022"/>
</testsuite> <!-- com.platform.project.test.LogInPageTest -->
