<?xml version="1.0" encoding="UTF-8"?>
<!-- Generated by org.testng.reporters.JUnitReportReporter -->
<testsuite hostname="alexcomputer" failures="0" tests="1" name="com.platform.project.test.ForgottenPasswordPageTest" time="6.457" errors="0" timestamp="4 Jan 2020 22:21:30 GMT">
  <testcase classname="com.platform.project.test.ForgottenPasswordPageTest" name="forgotPasswordTest" time="6.457"/>
</testsuite> <!-- com.platform.project.test.ForgottenPasswordPageTest -->
