<?xml version="1.0" encoding="UTF-8"?>
<!-- Generated by org.testng.reporters.JUnitReportReporter -->
<testsuite hostname="alexcomputer" failures="0" tests="1" name="com.platform.project.test.CreateAccountSuccessTest" time="6.813" errors="0" timestamp="4 Jan 2020 22:21:30 GMT">
  <testcase classname="com.platform.project.test.CreateAccountSuccessTest" name="createAnAccountTest" time="6.813"/>
</testsuite> <!-- com.platform.project.test.CreateAccountSuccessTest -->
