<?xml version="1.0" encoding="UTF-8"?>
<!-- Generated by org.testng.reporters.JUnitReportReporter -->
<testsuite hostname="alexcomputer" failures="0" tests="1" name="com.platform.project.test.ForgottenPasswordPageTest" time="8.285" errors="0" timestamp="27 Dec 2019 03:39:41 GMT">
  <testcase classname="com.platform.project.test.ForgottenPasswordPageTest" name="forgotPasswordTest" time="8.285"/>
</testsuite> <!-- com.platform.project.test.ForgottenPasswordPageTest -->
