<?xml version="1.0" encoding="UTF-8"?>
<!-- Generated by org.testng.reporters.JUnitReportReporter -->
<testsuite hostname="alexcomputer" failures="0" tests="1" name="com.platform.project.test.CreateAccountSuccessTest" time="6.626" errors="0" timestamp="6 Jan 2020 03:33:44 GMT">
  <testcase classname="com.platform.project.test.CreateAccountSuccessTest" name="createAnAccountTest" time="6.626"/>
</testsuite> <!-- com.platform.project.test.CreateAccountSuccessTest -->
