<?xml version="1.0" encoding="UTF-8"?>
<!-- Generated by org.testng.reporters.JUnitReportReporter -->
<testsuite hostname="alexcomputer" failures="0" tests="1" name="com.platform.project.test.WelcomePageTest" time="6.748" errors="0" timestamp="6 Jan 2020 03:33:44 GMT">
  <testcase classname="com.platform.project.test.WelcomePageTest" name="noEmailPasswordMatch" time="6.748"/>
</testsuite> <!-- com.platform.project.test.WelcomePageTest -->
